\BOOKMARK [1][-]{section.1}{Opis srodowiska}{}% 1
\BOOKMARK [1][-]{section.2}{Diagramy klas}{}% 2
\BOOKMARK [1][-]{section.3}{Opis klas/metod}{}% 3
\BOOKMARK [2][-]{subsection.3.1}{Klasa MainWindow}{section.3}% 4
\BOOKMARK [2][-]{subsection.3.2}{Klasa Parser}{section.3}% 5
\BOOKMARK [2][-]{subsection.3.3}{Przestrzen nazw MapObjects}{section.3}% 6
\BOOKMARK [3][-]{subsubsection.3.3.1}{Klasa Point}{subsection.3.3}% 7
\BOOKMARK [3][-]{subsubsection.3.3.2}{Klasa Line}{subsection.3.3}% 8
\BOOKMARK [3][-]{subsubsection.3.3.3}{Klasa River}{subsection.3.3}% 9
\BOOKMARK [3][-]{subsubsection.3.3.4}{Klasa City}{subsection.3.3}% 10
\BOOKMARK [3][-]{subsubsection.3.3.5}{Klasa CityData}{subsection.3.3}% 11
\BOOKMARK [2][-]{subsection.3.4}{Przestrzen nazw Simulator}{section.3}% 12
\BOOKMARK [3][-]{subsubsection.3.4.1}{Klasa Map}{subsection.3.4}% 13
\BOOKMARK [3][-]{subsubsection.3.4.2}{Klasa MapConfiguration}{subsection.3.4}% 14
\BOOKMARK [3][-]{subsubsection.3.4.3}{Klasa MainControler}{subsection.3.4}% 15
\BOOKMARK [2][-]{subsection.3.5}{Przestrzen nazw Events}{section.3}% 16
\BOOKMARK [3][-]{subsubsection.3.5.1}{Interfejs IGameEvent}{subsection.3.5}% 17
\BOOKMARK [3][-]{subsubsection.3.5.2}{Klasy zdarzeniowe}{subsection.3.5}% 18
\BOOKMARK [1][-]{section.4}{Plan test\363w}{}% 19
\BOOKMARK [2][-]{subsection.4.1}{Testy akceptacyjne programu}{section.4}% 20
\BOOKMARK [2][-]{subsection.4.2}{Testy jednostkowe}{section.4}% 21
